<?xml version="1.0" encoding="UTF-8" ?>
<testsuite tests="15" failures="1" name="com.hg.flooringmastery.service.FlooringServiceLayerTest" time="0.028" errors="0" skipped="0">
  <properties>
    <property name="java.runtime.name" value="OpenJDK Runtime Environment"/>
    <property name="java.vm.version" value="11.0.11+9"/>
    <property name="sun.boot.library.path" value="C:\Program Files\AdoptOpenJDK\jdk-11.0.11.9-hotspot\bin"/>
    <property name="maven.multiModuleProjectDirectory" value="C:\Repos\javaPart1\FlooringMastery\FlooringMastery"/>
    <property name="java.vm.vendor" value="AdoptOpenJDK"/>
    <property name="java.vendor.url" value="https://adoptopenjdk.net/"/>
    <property name="guice.disable.misplaced.annotation.check" value="true"/>
    <property name="path.separator" value=";"/>
    <property name="java.vm.name" value="OpenJDK 64-Bit Server VM"/>
    <property name="sun.os.patch.level" value=""/>
    <property name="user.script" value=""/>
    <property name="user.country" value="CA"/>
    <property name="sun.java.launcher" value="SUN_STANDARD"/>
    <property name="java.vm.specification.name" value="Java Virtual Machine Specification"/>
    <property name="user.dir" value="C:\Repos\javaPart1\FlooringMastery\FlooringMastery"/>
    <property name="java.vm.compressedOopsMode" value="32-bit"/>
    <property name="java.runtime.version" value="11.0.11+9"/>
    <property name="java.awt.graphicsenv" value="sun.awt.Win32GraphicsEnvironment"/>
    <property name="os.arch" value="amd64"/>
    <property name="java.io.tmpdir" value="C:\Users\hayle\AppData\Local\Temp\"/>
    <property name="line.separator" value="
"/>
    <property name="java.vm.specification.vendor" value="Oracle Corporation"/>
    <property name="user.variant" value=""/>
    <property name="os.name" value="Windows 10"/>
    <property name="maven.ext.class.path" value="C:\Program Files\NetBeans-12.0\netbeans\java\maven-nblib\netbeans-eventspy.jar"/>
    <property name="classworlds.conf" value="C:\Program Files\NetBeans-12.0\netbeans\java\maven\bin\..\bin\m2.conf"/>
    <property name="sun.jnu.encoding" value="Cp1252"/>
    <property name="java.library.path" value="C:\Program Files\AdoptOpenJDK\jdk-11.0.11.9-hotspot\bin;C:\WINDOWS\Sun\Java\bin;C:\WINDOWS\system32;C:\WINDOWS;C:\Program Files\AdoptOpenJDK\jdk-11.0.11.9-hotspot\bin;C:\WINDOWS\system32;C:\WINDOWS;C:\WINDOWS\System32\Wbem;C:\WINDOWS\System32\WindowsPowerShell\v1.0\;C:\WINDOWS\System32\OpenSSH\;C:\Program Files\Git\cmd;C:\Program Files (x86)\Common Files\Acronis\VirtualFile\;C:\Program Files (x86)\Common Files\Acronis\VirtualFile64\;C:\Program Files (x86)\Common Files\Acronis\SnapAPI\;C:\Users\hayle\AppData\Local\Microsoft\WindowsApps;;."/>
    <property name="maven.conf" value="C:\Program Files\NetBeans-12.0\netbeans\java\maven\bin\../conf"/>
    <property name="jdk.debug" value="release"/>
    <property name="java.class.version" value="55.0"/>
    <property name="java.specification.name" value="Java Platform API Specification"/>
    <property name="sun.management.compiler" value="HotSpot 64-Bit Tiered Compilers"/>
    <property name="os.version" value="10.0"/>
    <property name="library.jansi.path" value="C:\Program Files\NetBeans-12.0\netbeans\java\maven\bin\..\lib\jansi-native"/>
    <property name="user.home" value="C:\Users\hayle"/>
    <property name="user.timezone" value="America/Denver"/>
    <property name="java.awt.printerjob" value="sun.awt.windows.WPrinterJob"/>
    <property name="file.encoding" value="UTF-8"/>
    <property name="java.specification.version" value="11"/>
    <property name="user.name" value="hayle"/>
    <property name="java.class.path" value="C:\Program Files\NetBeans-12.0\netbeans\java\maven\bin\..\boot\plexus-classworlds-2.6.0.jar"/>
    <property name="java.vm.specification.version" value="11"/>
    <property name="sun.arch.data.model" value="64"/>
    <property name="sun.java.command" value="org.codehaus.plexus.classworlds.launcher.Launcher -Dmaven.ext.class.path=C:\Program Files\NetBeans-12.0\netbeans\java\maven-nblib\netbeans-eventspy.jar -Dfile.encoding=UTF-8 clean install"/>
    <property name="java.home" value="C:\Program Files\AdoptOpenJDK\jdk-11.0.11.9-hotspot"/>
    <property name="user.language" value="en"/>
    <property name="java.specification.vendor" value="Oracle Corporation"/>
    <property name="awt.toolkit" value="sun.awt.windows.WToolkit"/>
    <property name="java.vm.info" value="mixed mode"/>
    <property name="java.version" value="11.0.11"/>
    <property name="java.vendor" value="AdoptOpenJDK"/>
    <property name="maven.home" value="C:\Program Files\NetBeans-12.0\netbeans\java\maven\bin\.."/>
    <property name="file.separator" value="\"/>
    <property name="java.version.date" value="2021-04-20"/>
    <property name="java.vendor.url.bug" value="https://github.com/AdoptOpenJDK/openjdk-support/issues"/>
    <property name="sun.io.unicode.encoding" value="UnicodeLittle"/>
    <property name="sun.cpu.endian" value="little"/>
    <property name="java.vendor.version" value="AdoptOpenJDK-11.0.11+9"/>
    <property name="sun.desktop" value="windows"/>
    <property name="sun.cpu.isalist" value="amd64"/>
  </properties>
  <testcase classname="com.hg.flooringmastery.service.FlooringServiceLayerTest" name="com.hg.flooringmastery.service.FlooringServiceLayerTest.testGetOrder" time="0"/>
  <testcase classname="com.hg.flooringmastery.service.FlooringServiceLayerTest" name="com.hg.flooringmastery.service.FlooringServiceLayerTest.testGetProducts" time="0"/>
  <testcase classname="com.hg.flooringmastery.service.FlooringServiceLayerTest" name="com.hg.flooringmastery.service.FlooringServiceLayerTest.testAddOrder" time="0.002"/>
  <testcase classname="com.hg.flooringmastery.service.FlooringServiceLayerTest" name="com.hg.flooringmastery.service.FlooringServiceLayerTest.testEditOrder" time="0.002"/>
  <testcase classname="com.hg.flooringmastery.service.FlooringServiceLayerTest" name="com.hg.flooringmastery.service.FlooringServiceLayerTest.testDisplayOrders" time="0"/>
  <testcase classname="com.hg.flooringmastery.service.FlooringServiceLayerTest" name="com.hg.flooringmastery.service.FlooringServiceLayerTest.testRemoveOrder" time="0"/>
  <testcase classname="com.hg.flooringmastery.service.FlooringServiceLayerTest" name="com.hg.flooringmastery.service.FlooringServiceLayerTest.testExportAllData" time="0.005">
    <failure type="java.lang.NullPointerException">java.lang.NullPointerException
	at com.hg.flooringmastery.dao.ExportDaoStubImpl.marshallOrder(ExportDaoStubImpl.java:67)
	at com.hg.flooringmastery.dao.ExportDaoStubImpl.saveOrdersToFile(ExportDaoStubImpl.java:41)
	at com.hg.flooringmastery.service.FlooringServiceLayerImpl.exportAllData(FlooringServiceLayerImpl.java:128)
	at com.hg.flooringmastery.service.FlooringServiceLayerTest.testExportAllData(FlooringServiceLayerTest.java:194)
</failure>
  </testcase>
  <testcase classname="com.hg.flooringmastery.service.FlooringServiceLayerTest" name="com.hg.flooringmastery.service.FlooringServiceLayerTest.testValidateName" time="0.002"/>
  <testcase classname="com.hg.flooringmastery.service.FlooringServiceLayerTest" name="com.hg.flooringmastery.service.FlooringServiceLayerTest.testGetTaxes" time="0"/>
  <testcase classname="com.hg.flooringmastery.service.FlooringServiceLayerTest" name="com.hg.flooringmastery.service.FlooringServiceLayerTest.testValidateState" time="0.001"/>
  <testcase classname="com.hg.flooringmastery.service.FlooringServiceLayerTest" name="com.hg.flooringmastery.service.FlooringServiceLayerTest.testValidateDate" time="0.015"/>
  <testcase classname="com.hg.flooringmastery.service.FlooringServiceLayerTest" name="com.hg.flooringmastery.service.FlooringServiceLayerTest.testValidateData" time="0"/>
  <testcase classname="com.hg.flooringmastery.service.FlooringServiceLayerTest" name="com.hg.flooringmastery.service.FlooringServiceLayerTest.testValidateUpdatedOrderInfo" time="0"/>
  <testcase classname="com.hg.flooringmastery.service.FlooringServiceLayerTest" name="com.hg.flooringmastery.service.FlooringServiceLayerTest.testCalculateCostAndTax" time="0.001"/>
  <testcase classname="com.hg.flooringmastery.service.FlooringServiceLayerTest" name="com.hg.flooringmastery.service.FlooringServiceLayerTest.testValidateProduct" time="0"/>
</testsuite>